<?xml version="1.0" encoding="UTF-8" standalone="yes"?><!DOCTYPE report PUBLIC "-//JACOCO//DTD Report 1.1//EN" "report.dtd"><report name="TourGuide"><sessioninfo id="DESKTOP-5NJS85D-690f09a4" start="1667411181266" dump="1667411233271"/><sessioninfo id="DESKTOP-5NJS85D-31fc3a1d" start="1667411300165" dump="1667411355111"/><sessioninfo id="DESKTOP-5NJS85D-843dd5e4" start="1667412768327" dump="1667412769367"/><sessioninfo id="DESKTOP-5NJS85D-a6e7b3ba" start="1667413127214" dump="1667413128152"/><sessioninfo id="DESKTOP-5NJS85D-b6218f3f" start="1667413144491" dump="1667413145768"/><sessioninfo id="DESKTOP-5NJS85D-5b53ae7" start="1667413160033" dump="1667413168419"/><sessioninfo id="DESKTOP-5NJS85D-6eb03558" start="1667414303368" dump="1667414304271"/><sessioninfo id="DESKTOP-5NJS85D-342e9e6" start="1667414325611" dump="1667414359045"/><sessioninfo id="DESKTOP-5NJS85D-b30f1f20" start="1667577904517" dump="1667578105498"/><sessioninfo id="DESKTOP-5NJS85D-979d14c8" start="1667578255037" dump="1667578256077"/><sessioninfo id="DESKTOP-5NJS85D-115170e9" start="1667578271782" dump="1667578272881"/><sessioninfo id="DESKTOP-5NJS85D-d19325a0" start="1667578288493" dump="1667578291217"/><sessioninfo id="DESKTOP-5NJS85D-5e05a51b" start="1667578301379" dump="1667578322115"/><sessioninfo id="DESKTOP-5NJS85D-ab4186ab" start="1667578448776" dump="1667578549658"/><sessioninfo id="DESKTOP-5NJS85D-52944526" start="1667578650415" dump="1667578752135"/><sessioninfo id="DESKTOP-5NJS85D-fb2ffac4" start="1667578776008" dump="1667578876936"/><sessioninfo id="DESKTOP-5NJS85D-77f2e2a7" start="1667833881517" dump="1667833882378"/><sessioninfo id="DESKTOP-5NJS85D-cd545dd9" start="1667833903878" dump="1667833904648"/><sessioninfo id="DESKTOP-5NJS85D-d0c19600" start="1667834110021" dump="1667834110792"/><sessioninfo id="DESKTOP-5NJS85D-18488daa" start="1667834409002" dump="1667834409935"/><sessioninfo id="DESKTOP-5NJS85D-f247973e" start="1667834451547" dump="1667834452490"/><sessioninfo id="DESKTOP-5NJS85D-b626d9ca" start="1667835103471" dump="1667835104541"/><sessioninfo id="DESKTOP-5NJS85D-89c9eec4" start="1667836393636" dump="1667836399235"/><sessioninfo id="DESKTOP-5NJS85D-6996c1c6" start="1667836443461" dump="1667836449013"/><sessioninfo id="DESKTOP-5NJS85D-ca1904d3" start="1667840272869" dump="1667840274058"/><sessioninfo id="DESKTOP-5NJS85D-1995729f" start="1667840289644" dump="1667840295630"/><sessioninfo id="DESKTOP-5NJS85D-9ac81684" start="1667840309524" dump="1667840315610"/><sessioninfo id="DESKTOP-5NJS85D-34bbe960" start="1667840376748" dump="1667840382195"/><sessioninfo id="DESKTOP-5NJS85D-a7ab0116" start="1667840394315" dump="1667840413685"/><sessioninfo id="DESKTOP-5NJS85D-39239dc8" start="1667840593795" dump="1667840616332"/><sessioninfo id="DESKTOP-5NJS85D-507decf0" start="1667840628724" dump="1667840649272"/><sessioninfo id="DESKTOP-5NJS85D-2cfa2c11" start="1667840691340" dump="1667840712532"/><sessioninfo id="DESKTOP-5NJS85D-3b71cf37" start="1667840985262" dump="1667841006229"/><sessioninfo id="DESKTOP-5NJS85D-d0868506" start="1667842201354" dump="1667842207239"/><sessioninfo id="DESKTOP-5NJS85D-a03cce2c" start="1667842299622" dump="1667842305030"/><sessioninfo id="DESKTOP-5NJS85D-b377af6f" start="1667842467584" dump="1667842468974"/><sessioninfo id="DESKTOP-5NJS85D-e4e2ad0f" start="1667845795580" dump="1667845797583"/><sessioninfo id="DESKTOP-5NJS85D-c60aa108" start="1667845829344" dump="1667845831133"/><sessioninfo id="DESKTOP-5NJS85D-bb7472aa" start="1667846019924" dump="1667846198159"/><sessioninfo id="DESKTOP-5NJS85D-f67d9aa2" start="1667846247816" dump="1667846249694"/><sessioninfo id="DESKTOP-5NJS85D-793dc44c" start="1667846281610" dump="1667846283480"/><sessioninfo id="DESKTOP-5NJS85D-8ee69383" start="1667846703170" dump="1667846705401"/><sessioninfo id="DESKTOP-5NJS85D-cfc754ff" start="1667846726662" dump="1667846737544"/><sessioninfo id="DESKTOP-5NJS85D-ff3fe7db" start="1667900591508" dump="1667900602419"/><sessioninfo id="DESKTOP-5NJS85D-51c3354c" start="1667901121516" dump="1667901222325"/><sessioninfo id="DESKTOP-5NJS85D-e2ae96e9" start="1668022076019" dump="1668022077973"/><sessioninfo id="DESKTOP-5NJS85D-8db036c4" start="1668022100355" dump="1668022188984"/><sessioninfo id="DESKTOP-5NJS85D-24dd1e7d" start="1668022261537" dump="1668022456670"/><sessioninfo id="DESKTOP-5NJS85D-c408ebb" start="1668022624225" dump="1668023002484"/><sessioninfo id="DESKTOP-5NJS85D-b9410f27" start="1668024401338" dump="1668024615187"/><sessioninfo id="DESKTOP-5NJS85D-d26d4e47" start="1668082182184" dump="1668082193022"/><sessioninfo id="DESKTOP-5NJS85D-681a5321" start="1668082249955" dump="1668082260802"/><sessioninfo id="DESKTOP-5NJS85D-f18bc64f" start="1668082332100" dump="1668082342928"/><sessioninfo id="DESKTOP-5NJS85D-f2ed63e3" start="1668082378033" dump="1668082388941"/><sessioninfo id="DESKTOP-5NJS85D-f5ef3cb7" start="1668082534529" dump="1668082545309"/><sessioninfo id="DESKTOP-5NJS85D-7eb5a081" start="1668082608734" dump="1668082629510"/><sessioninfo id="DESKTOP-5NJS85D-98f51dae" start="1668082888208" dump="1668082899145"/><sessioninfo id="DESKTOP-5NJS85D-300734a0" start="1668083138594" dump="1668084159458"/><sessioninfo id="DESKTOP-5NJS85D-e32f8b6c" start="1668092899733" dump="1668092910702"/><sessioninfo id="DESKTOP-5NJS85D-779e7831" start="1668093298184" dump="1668093300869"/><sessioninfo id="DESKTOP-5NJS85D-176c6b96" start="1668094011750" dump="1668094012448"/><sessioninfo id="DESKTOP-5NJS85D-34f8911" start="1668094021002" dump="1668094062678"/><sessioninfo id="DESKTOP-5NJS85D-45e414e6" start="1668094105175" dump="1668094141959"/><sessioninfo id="DESKTOP-5NJS85D-116f7c65" start="1668096216755" dump="1668096252328"/><sessioninfo id="DESKTOP-5NJS85D-d823c7df" start="1668096340365" dump="1668096341355"/><sessioninfo id="DESKTOP-5NJS85D-fd45107c" start="1668096395121" dump="1668096396017"/><sessioninfo id="DESKTOP-5NJS85D-8f46c86d" start="1668525625062" dump="1668525627807"/><sessioninfo id="DESKTOP-5NJS85D-835a71d0" start="1668526126927" dump="1668526127901"/><sessioninfo id="DESKTOP-5NJS85D-5090865f" start="1668526148650" dump="1668526149703"/><sessioninfo id="DESKTOP-5NJS85D-2d820707" start="1668526176418" dump="1668526179077"/><sessioninfo id="DESKTOP-5NJS85D-e6251e4" start="1668526206081" dump="1668526216762"/><sessioninfo id="DESKTOP-5NJS85D-58dc7177" start="1668526235786" dump="1668526256494"/><sessioninfo id="DESKTOP-5NJS85D-e4e797a0" start="1668526272218" dump="1668526373001"/><sessioninfo id="DESKTOP-5NJS85D-1fa76cda" start="1668526393139" dump="1668526594025"/><sessioninfo id="DESKTOP-5NJS85D-ea036107" start="1668526618520" dump="1668526620547"/><sessioninfo id="DESKTOP-5NJS85D-6db85f71" start="1668526637440" dump="1668526640153"/><sessioninfo id="DESKTOP-5NJS85D-1b41cc62" start="1668526676745" dump="1668526688702"/><sessioninfo id="DESKTOP-5NJS85D-6bd28570" start="1668526748047" dump="1668526849682"/><sessioninfo id="DESKTOP-5NJS85D-581437db" start="1668774144399" dump="1668774181227"/><sessioninfo id="DESKTOP-5NJS85D-b01a5a80" start="1668774244758" dump="1668774258744"/><sessioninfo id="DESKTOP-5NJS85D-f8cc47a0" start="1668783216817" dump="1668783250018"/><sessioninfo id="DESKTOP-5NJS85D-a816ae0" start="1668789703033" dump="1668789720528"/><sessioninfo id="DESKTOP-5NJS85D-3244fb38" start="1668789894879" dump="1668790011796"/><sessioninfo id="DESKTOP-5NJS85D-b231a823" start="1668790041636" dump="1668790055550"/><sessioninfo id="DESKTOP-5NJS85D-6207337d" start="1668790316918" dump="1668790329419"/><sessioninfo id="DESKTOP-5NJS85D-bed35de1" start="1668790654805" dump="1668790705812"/><sessioninfo id="DESKTOP-5NJS85D-dcdbcafa" start="1668790718956" dump="1668790767463"/><sessioninfo id="DESKTOP-5NJS85D-cbab9a8c" start="1668790983365" dump="1668791038839"/><sessioninfo id="DESKTOP-5NJS85D-d41aec56" start="1668791142061" dump="1668791192684"/><sessioninfo id="DESKTOP-5NJS85D-b49402ea" start="1668791347217" dump="1668791399168"/><sessioninfo id="DESKTOP-5NJS85D-39563c65" start="1668791492696" dump="1668791542393"/><sessioninfo id="DESKTOP-5NJS85D-5b800c6c" start="1668791685269" dump="1668791743854"/><sessioninfo id="DESKTOP-5NJS85D-214a516b" start="1668791772914" dump="1668791786917"/><sessioninfo id="DESKTOP-5NJS85D-53438470" start="1668792114831" dump="1668792169739"/><sessioninfo id="DESKTOP-5NJS85D-9e29faf5" start="1668792197314" dump="1668792210606"/><sessioninfo id="DESKTOP-5NJS85D-b6d392e2" start="1668792216008" dump="1668792227397"/><sessioninfo id="DESKTOP-5NJS85D-e5d8c8d4" start="1669028937609" dump="1669028938516"/><sessioninfo id="DESKTOP-5NJS85D-24dfeb1e" start="1669028974137" dump="1669028974999"/><sessioninfo id="DESKTOP-5NJS85D-e9f1c723" start="1669983870155" dump="1669983870968"/><sessioninfo id="DESKTOP-5NJS85D-d9104cf2" start="1669983930206" dump="1669983931015"/><sessioninfo id="DESKTOP-5NJS85D-c5fd05" start="1669984063823" dump="1669984134431"/><package name="tourGuide"><class name="tourGuide/Application" sourcefilename="Application.java"><method name="&lt;init&gt;" desc="()V" line="7"><counter type="INSTRUCTION" missed="3" covered="0"/><counter type="LINE" missed="1" covered="0"/><counter type="COMPLEXITY" missed="1" covered="0"/><counter type="METHOD" missed="1" covered="0"/></method><method name="main" desc="([Ljava/lang/String;)V" line="10"><counter type="INSTRUCTION" missed="5" covered="0"/><counter type="LINE" missed="2" covered="0"/><counter type="COMPLEXITY" missed="1" covered="0"/><counter type="METHOD" missed="1" covered="0"/></method><counter type="INSTRUCTION" missed="8" covered="0"/><counter type="LINE" missed="3" covered="0"/><counter type="COMPLEXITY" missed="2" covered="0"/><counter type="METHOD" missed="2" covered="0"/><counter type="CLASS" missed="1" covered="0"/></class><class name="tourGuide/TourGuideModule" sourcefilename="TourGuideModule.java"><method name="&lt;init&gt;" desc="()V" line="11"><counter type="INSTRUCTION" missed="3" covered="0"/><counter type="LINE" missed="1" covered="0"/><counter type="COMPLEXITY" missed="1" covered="0"/><counter type="METHOD" missed="1" covered="0"/></method><method name="getGpsUtil" desc="()LgpsUtil/GpsUtil;" line="15"><counter type="INSTRUCTION" missed="4" covered="0"/><counter type="LINE" missed="1" covered="0"/><counter type="COMPLEXITY" missed="1" covered="0"/><counter type="METHOD" missed="1" covered="0"/></method><method name="getRewardsService" desc="()LtourGuide/service/RewardsService;" line="20"><counter type="INSTRUCTION" missed="8" covered="0"/><counter type="LINE" missed="1" covered="0"/><counter type="COMPLEXITY" missed="1" covered="0"/><counter type="METHOD" missed="1" covered="0"/></method><method name="getRewardCentral" desc="()LrewardCentral/RewardCentral;" line="25"><counter type="INSTRUCTION" missed="4" covered="0"/><counter type="LINE" missed="1" covered="0"/><counter type="COMPLEXITY" missed="1" covered="0"/><counter type="METHOD" missed="1" covered="0"/></method><counter type="INSTRUCTION" missed="19" covered="0"/><counter type="LINE" missed="4" covered="0"/><counter type="COMPLEXITY" missed="4" covered="0"/><counter type="METHOD" missed="4" covered="0"/><counter type="CLASS" missed="1" covered="0"/></class><class name="tourGuide/TourGuideController" sourcefilename="TourGuideController.java"><method name="&lt;init&gt;" desc="()V" line="23"><counter type="INSTRUCTION" missed="3" covered="0"/><counter type="LINE" missed="1" covered="0"/><counter type="COMPLEXITY" missed="1" covered="0"/><counter type="METHOD" missed="1" covered="0"/></method><method name="index" desc="()Ljava/lang/String;" line="30"><counter type="INSTRUCTION" missed="2" covered="0"/><counter type="LINE" missed="1" covered="0"/><counter type="COMPLEXITY" missed="1" covered="0"/><counter type="METHOD" missed="1" covered="0"/></method><method name="getLocation" desc="(Ljava/lang/String;)Ljava/lang/String;" line="35"><counter type="INSTRUCTION" missed="11" covered="0"/><counter type="LINE" missed="2" covered="0"/><counter type="COMPLEXITY" missed="1" covered="0"/><counter type="METHOD" missed="1" covered="0"/></method><method name="getNearbyAttractions" desc="(Ljava/lang/String;)Ljava/lang/String;" line="50"><counter type="INSTRUCTION" missed="13" covered="0"/><counter type="LINE" missed="2" covered="0"/><counter type="COMPLEXITY" missed="1" covered="0"/><counter type="METHOD" missed="1" covered="0"/></method><method name="getRewards" desc="(Ljava/lang/String;)Ljava/lang/String;" line="56"><counter type="INSTRUCTION" missed="8" covered="0"/><counter type="LINE" missed="1" covered="0"/><counter type="COMPLEXITY" missed="1" covered="0"/><counter type="METHOD" missed="1" covered="0"/></method><method name="getAllCurrentLocations" desc="()Ljava/util/HashMap;" line="61"><counter type="INSTRUCTION" missed="4" covered="0"/><counter type="LINE" missed="1" covered="0"/><counter type="COMPLEXITY" missed="1" covered="0"/><counter type="METHOD" missed="1" covered="0"/></method><method name="getTripDeals" desc="(Ljava/lang/String;)Ljava/lang/String;" line="78"><counter type="INSTRUCTION" missed="10" covered="0"/><counter type="LINE" missed="2" covered="0"/><counter type="COMPLEXITY" missed="1" covered="0"/><counter type="METHOD" missed="1" covered="0"/></method><method name="getUser" desc="(Ljava/lang/String;)LtourGuide/user/User;" line="83"><counter type="INSTRUCTION" missed="5" covered="0"/><counter type="LINE" missed="1" covered="0"/><counter type="COMPLEXITY" missed="1" covered="0"/><counter type="METHOD" missed="1" covered="0"/></method><method name="test" desc="(Ljava/lang/String;)Ljava/util/List;" line="88"><counter type="INSTRUCTION" missed="7" covered="0"/><counter type="LINE" missed="1" covered="0"/><counter type="COMPLEXITY" missed="1" covered="0"/><counter type="METHOD" missed="1" covered="0"/></method><method name="updateUserPreferences" desc="(LtourGuide/user/UserPreferences;Ljava/lang/String;)V" line="93"><counter type="INSTRUCTION" missed="6" covered="0"/><counter type="LINE" missed="2" covered="0"/><counter type="COMPLEXITY" missed="1" covered="0"/><counter type="METHOD" missed="1" covered="0"/></method><counter type="INSTRUCTION" missed="69" covered="0"/><counter type="LINE" missed="14" covered="0"/><counter type="COMPLEXITY" missed="10" covered="0"/><counter type="METHOD" missed="10" covered="0"/><counter type="CLASS" missed="1" covered="0"/></class><sourcefile name="Application.java"><line nr="7" mi="3" ci="0" mb="0" cb="0"/><line nr="10" mi="4" ci="0" mb="0" cb="0"/><line nr="11" mi="1" ci="0" mb="0" cb="0"/><counter type="INSTRUCTION" missed="8" covered="0"/><counter type="LINE" missed="3" covered="0"/><counter type="COMPLEXITY" missed="2" covered="0"/><counter type="METHOD" missed="2" covered="0"/><counter type="CLASS" missed="1" covered="0"/></sourcefile><sourcefile name="TourGuideModule.java"><line nr="11" mi="3" ci="0" mb="0" cb="0"/><line nr="15" mi="4" ci="0" mb="0" cb="0"/><line nr="20" mi="8" ci="0" mb="0" cb="0"/><line nr="25" mi="4" ci="0" mb="0" cb="0"/><counter type="INSTRUCTION" missed="19" covered="0"/><counter type="LINE" missed="4" covered="0"/><counter type="COMPLEXITY" missed="4" covered="0"/><counter type="METHOD" missed="4" covered="0"/><counter type="CLASS" missed="1" covered="0"/></sourcefile><sourcefile name="TourGuideController.java"><line nr="23" mi="3" ci="0" mb="0" cb="0"/><line nr="30" mi="2" ci="0" mb="0" cb="0"/><line nr="35" mi="7" ci="0" mb="0" cb="0"/><line nr="36" mi="4" ci="0" mb="0" cb="0"/><line nr="50" mi="7" ci="0" mb="0" cb="0"/><line nr="51" mi="6" ci="0" mb="0" cb="0"/><line nr="56" mi="8" ci="0" mb="0" cb="0"/><line nr="61" mi="4" ci="0" mb="0" cb="0"/><line nr="78" mi="7" ci="0" mb="0" cb="0"/><line nr="79" mi="3" ci="0" mb="0" cb="0"/><line nr="83" mi="5" ci="0" mb="0" cb="0"/><line nr="88" mi="7" ci="0" mb="0" cb="0"/><line nr="93" mi="5" ci="0" mb="0" cb="0"/><line nr="94" mi="1" ci="0" mb="0" cb="0"/><counter type="INSTRUCTION" missed="69" covered="0"/><counter type="LINE" missed="14" covered="0"/><counter type="COMPLEXITY" missed="10" covered="0"/><counter type="METHOD" missed="10" covered="0"/><counter type="CLASS" missed="1" covered="0"/></sourcefile><counter type="INSTRUCTION" missed="96" covered="0"/><counter type="LINE" missed="21" covered="0"/><counter type="COMPLEXITY" missed="16" covered="0"/><counter type="METHOD" missed="16" covered="0"/><counter type="CLASS" missed="3" covered="0"/></package><package name="tourGuide/tracker"><class name="tourGuide/tracker/Tracker" sourcefilename="Tracker.java"><method name="&lt;init&gt;" desc="(LtourGuide/service/TourGuideService;)V" line="16"><counter type="INSTRUCTION" missed="0" covered="21"/><counter type="LINE" missed="0" covered="7"/><counter type="COMPLEXITY" missed="0" covered="1"/><counter type="METHOD" missed="0" covered="1"/></method><method name="stopTracking" desc="()V" line="32"><counter type="INSTRUCTION" missed="0" covered="8"/><counter type="LINE" missed="0" covered="3"/><counter type="COMPLEXITY" missed="0" covered="1"/><counter type="METHOD" missed="0" covered="1"/></method><method name="run" desc="()V" line="38"><counter type="INSTRUCTION" missed="10" covered="61"/><counter type="BRANCH" missed="2" covered="2"/><counter type="LINE" missed="5" covered="13"/><counter type="COMPLEXITY" missed="2" covered="1"/><counter type="METHOD" missed="0" covered="1"/></method><method name="lambda$run$0" desc="(LtourGuide/user/User;)V" line="48"><counter type="INSTRUCTION" missed="0" covered="6"/><counter type="LINE" missed="0" covered="1"/><counter type="COMPLEXITY" missed="0" covered="1"/><counter type="METHOD" missed="0" covered="1"/></method><method name="&lt;clinit&gt;" desc="()V" line="17"><counter type="INSTRUCTION" missed="0" covered="5"/><counter type="LINE" missed="0" covered="1"/><counter type="COMPLEXITY" missed="0" covered="1"/><counter type="METHOD" missed="0" covered="1"/></method><counter type="INSTRUCTION" missed="10" covered="101"/><counter type="BRANCH" missed="2" covered="2"/><counter type="LINE" missed="5" covered="24"/><counter type="COMPLEXITY" missed="2" covered="5"/><counter type="METHOD" missed="0" covered="5"/><counter type="CLASS" missed="0" covered="1"/></class><sourcefile name="Tracker.java"><line nr="16" mi="0" ci="4" mb="0" cb="0"/><line nr="17" mi="0" ci="5" mb="0" cb="0"/><line nr="18" mi="0" ci="3" mb="0" cb="0"/><line nr="20" mi="0" ci="3" mb="0" cb="0"/><line nr="22" mi="0" ci="2" mb="0" cb="0"/><line nr="23" mi="0" ci="3" mb="0" cb="0"/><line nr="25" mi="0" ci="5" mb="0" cb="0"/><line nr="26" mi="0" ci="1" mb="0" cb="0"/><line nr="32" mi="0" ci="3" mb="0" cb="0"/><line nr="33" mi="0" ci="4" mb="0" cb="0"/><line nr="34" mi="0" ci="1" mb="0" cb="0"/><line nr="38" mi="0" ci="4" mb="0" cb="0"/><line nr="40" mi="0" ci="6" mb="2" cb="2"/><line nr="41" mi="4" ci="0" mb="0" cb="0"/><line nr="42" mi="1" ci="0" mb="0" cb="0"/><line nr="45" mi="0" ci="4" mb="0" cb="0"/><line nr="46" mi="0" ci="14" mb="0" cb="0"/><line nr="47" mi="0" ci="2" mb="0" cb="0"/><line nr="48" mi="0" ci="10" mb="0" cb="0"/><line nr="49" mi="0" ci="2" mb="0" cb="0"/><line nr="50" mi="0" ci="16" mb="0" cb="0"/><line nr="51" mi="0" ci="2" mb="0" cb="0"/><line nr="53" mi="0" ci="4" mb="0" cb="0"/><line nr="54" mi="3" ci="0" mb="0" cb="0"/><line nr="55" mi="0" ci="1" mb="0" cb="0"/><line nr="56" mi="0" ci="1" mb="0" cb="0"/><line nr="57" mi="1" ci="0" mb="0" cb="0"/><line nr="58" mi="1" ci="0" mb="0" cb="0"/><line nr="60" mi="0" ci="1" mb="0" cb="0"/><counter type="INSTRUCTION" missed="10" covered="101"/><counter type="BRANCH" missed="2" covered="2"/><counter type="LINE" missed="5" covered="24"/><counter type="COMPLEXITY" missed="2" covered="5"/><counter type="METHOD" missed="0" covered="5"/><counter type="CLASS" missed="0" covered="1"/></sourcefile><counter type="INSTRUCTION" missed="10" covered="101"/><counter type="BRANCH" missed="2" covered="2"/><counter type="LINE" missed="5" covered="24"/><counter type="COMPLEXITY" missed="2" covered="5"/><counter type="METHOD" missed="0" covered="5"/><counter type="CLASS" missed="0" covered="1"/></package><package name="tourGuide/helper"><class name="tourGuide/helper/InternalTestHelper" sourcefilename="InternalTestHelper.java"><method name="&lt;init&gt;" desc="()V" line="3"><counter type="INSTRUCTION" missed="3" covered="0"/><counter type="LINE" missed="1" covered="0"/><counter type="COMPLEXITY" missed="1" covered="0"/><counter type="METHOD" missed="1" covered="0"/></method><method name="setInternalUserNumber" desc="(I)V" line="9"><counter type="INSTRUCTION" missed="0" covered="3"/><counter type="LINE" missed="0" covered="2"/><counter type="COMPLEXITY" missed="0" covered="1"/><counter type="METHOD" missed="0" covered="1"/></method><method name="getInternalUserNumber" desc="()I" line="13"><counter type="INSTRUCTION" missed="0" covered="2"/><counter type="LINE" missed="0" covered="1"/><counter type="COMPLEXITY" missed="0" covered="1"/><counter type="METHOD" missed="0" covered="1"/></method><method name="&lt;clinit&gt;" desc="()V" line="6"><counter type="INSTRUCTION" missed="0" covered="3"/><counter type="LINE" missed="0" covered="1"/><counter type="COMPLEXITY" missed="0" covered="1"/><counter type="METHOD" missed="0" covered="1"/></method><counter type="INSTRUCTION" missed="3" covered="8"/><counter type="LINE" missed="1" covered="4"/><counter type="COMPLEXITY" missed="1" covered="3"/><counter type="METHOD" missed="1" covered="3"/><counter type="CLASS" missed="0" covered="1"/></class><sourcefile name="InternalTestHelper.java"><line nr="3" mi="3" ci="0" mb="0" cb="0"/><line nr="6" mi="0" ci="3" mb="0" cb="0"/><line nr="9" mi="0" ci="2" mb="0" cb="0"/><line nr="10" mi="0" ci="1" mb="0" cb="0"/><line nr="13" mi="0" ci="2" mb="0" cb="0"/><counter type="INSTRUCTION" missed="3" covered="8"/><counter type="LINE" missed="1" covered="4"/><counter type="COMPLEXITY" missed="1" covered="3"/><counter type="METHOD" missed="1" covered="3"/><counter type="CLASS" missed="0" covered="1"/></sourcefile><counter type="INSTRUCTION" missed="3" covered="8"/><counter type="LINE" missed="1" covered="4"/><counter type="COMPLEXITY" missed="1" covered="3"/><counter type="METHOD" missed="1" covered="3"/><counter type="CLASS" missed="0" covered="1"/></package><package name="tourGuide/service"><class name="tourGuide/service/RewardsService" sourcefilename="RewardsService.java"><method name="&lt;init&gt;" desc="(LgpsUtil/GpsUtil;LrewardCentral/RewardCentral;)V" line="22"><counter type="INSTRUCTION" missed="0" covered="19"/><counter type="LINE" missed="0" covered="7"/><counter type="COMPLEXITY" missed="0" covered="1"/><counter type="METHOD" missed="0" covered="1"/></method><method name="setProximityBuffer" desc="(I)V" line="34"><counter type="INSTRUCTION" missed="0" covered="4"/><counter type="LINE" missed="0" covered="2"/><counter type="COMPLEXITY" missed="0" covered="1"/><counter type="METHOD" missed="0" covered="1"/></method><method name="setDefaultProximityBuffer" desc="()V" line="38"><counter type="INSTRUCTION" missed="5" covered="0"/><counter type="LINE" missed="2" covered="0"/><counter type="COMPLEXITY" missed="1" covered="0"/><counter type="METHOD" missed="1" covered="0"/></method><method name="calculateRewards" desc="(LtourGuide/user/User;)V" line="42"><counter type="INSTRUCTION" missed="0" covered="73"/><counter type="BRANCH" missed="0" covered="8"/><counter type="LINE" missed="0" covered="10"/><counter type="COMPLEXITY" missed="0" covered="5"/><counter type="METHOD" missed="0" covered="1"/></method><method name="isWithinAttractionProximity" desc="(LgpsUtil/location/Attraction;LgpsUtil/location/Location;)Z" line="62"><counter type="INSTRUCTION" missed="13" covered="0"/><counter type="BRANCH" missed="2" covered="0"/><counter type="LINE" missed="1" covered="0"/><counter type="COMPLEXITY" missed="2" covered="0"/><counter type="METHOD" missed="1" covered="0"/></method><method name="nearAttraction" desc="(LgpsUtil/location/VisitedLocation;LgpsUtil/location/Attraction;)Z" line="66"><counter type="INSTRUCTION" missed="0" covered="14"/><counter type="BRANCH" missed="0" covered="2"/><counter type="LINE" missed="0" covered="1"/><counter type="COMPLEXITY" missed="0" covered="2"/><counter type="METHOD" missed="0" covered="1"/></method><method name="getRewardPoints" desc="(LgpsUtil/location/Attraction;LtourGuide/user/User;)I" line="70"><counter type="INSTRUCTION" missed="0" covered="8"/><counter type="LINE" missed="0" covered="1"/><counter type="COMPLEXITY" missed="0" covered="1"/><counter type="METHOD" missed="0" covered="1"/></method><method name="getDistance" desc="(LgpsUtil/location/Location;LgpsUtil/location/Location;)D" line="74"><counter type="INSTRUCTION" missed="0" covered="45"/><counter type="LINE" missed="0" covered="9"/><counter type="COMPLEXITY" missed="0" covered="1"/><counter type="METHOD" missed="0" covered="1"/></method><method name="lambda$calculateRewards$0" desc="(LgpsUtil/location/Attraction;LtourGuide/user/UserReward;)Z" line="52"><counter type="INSTRUCTION" missed="0" covered="7"/><counter type="LINE" missed="0" covered="1"/><counter type="COMPLEXITY" missed="0" covered="1"/><counter type="METHOD" missed="0" covered="1"/></method><counter type="INSTRUCTION" missed="18" covered="170"/><counter type="BRANCH" missed="2" covered="10"/><counter type="LINE" missed="3" covered="30"/><counter type="COMPLEXITY" missed="3" covered="12"/><counter type="METHOD" missed="2" covered="7"/><counter type="CLASS" missed="0" covered="1"/></class><class name="tourGuide/service/TourGuideService$1" sourcefilename="TourGuideService.java"><method name="&lt;init&gt;" desc="(LtourGuide/service/TourGuideService;)V" line="174"><counter type="INSTRUCTION" missed="0" covered="6"/><counter type="LINE" missed="0" covered="1"/><counter type="COMPLEXITY" missed="0" covered="1"/><counter type="METHOD" missed="0" covered="1"/></method><method name="run" desc="()V" line="176"><counter type="INSTRUCTION" missed="0" covered="5"/><counter type="LINE" missed="0" covered="2"/><counter type="COMPLEXITY" missed="0" covered="1"/><counter type="METHOD" missed="0" covered="1"/></method><counter type="INSTRUCTION" missed="0" covered="11"/><counter type="LINE" missed="0" covered="3"/><counter type="COMPLEXITY" missed="0" covered="2"/><counter type="METHOD" missed="0" covered="2"/><counter type="CLASS" missed="0" covered="1"/></class><class name="tourGuide/service/TourGuideService" sourcefilename="TourGuideService.java"><method name="&lt;init&gt;" desc="(LgpsUtil/GpsUtil;LtourGuide/service/RewardsService;)V" line="28"><counter type="INSTRUCTION" missed="0" covered="55"/><counter type="BRANCH" missed="1" covered="1"/><counter type="LINE" missed="0" covered="16"/><counter type="COMPLEXITY" missed="1" covered="1"/><counter type="METHOD" missed="0" covered="1"/></method><method name="getUserRewards" desc="(LtourGuide/user/User;)Ljava/util/List;" line="55"><counter type="INSTRUCTION" missed="3" covered="0"/><counter type="LINE" missed="1" covered="0"/><counter type="COMPLEXITY" missed="1" covered="0"/><counter type="METHOD" missed="1" covered="0"/></method><method name="getUserLocation" desc="(LtourGuide/user/User;)LgpsUtil/location/VisitedLocation;" line="59"><counter type="INSTRUCTION" missed="13" covered="0"/><counter type="BRANCH" missed="2" covered="0"/><counter type="LINE" missed="4" covered="0"/><counter type="COMPLEXITY" missed="2" covered="0"/><counter type="METHOD" missed="1" covered="0"/></method><method name="getUser" desc="(Ljava/lang/String;)LtourGuide/user/User;" line="66"><counter type="INSTRUCTION" missed="6" covered="0"/><counter type="LINE" missed="1" covered="0"/><counter type="COMPLEXITY" missed="1" covered="0"/><counter type="METHOD" missed="1" covered="0"/></method><method name="getAllUsers" desc="()Ljava/util/List;" line="70"><counter type="INSTRUCTION" missed="0" covered="8"/><counter type="LINE" missed="0" covered="1"/><counter type="COMPLEXITY" missed="0" covered="1"/><counter type="METHOD" missed="0" covered="1"/></method><method name="addUser" desc="(LtourGuide/user/User;)V" line="74"><counter type="INSTRUCTION" missed="14" covered="0"/><counter type="BRANCH" missed="2" covered="0"/><counter type="LINE" missed="3" covered="0"/><counter type="COMPLEXITY" missed="2" covered="0"/><counter type="METHOD" missed="1" covered="0"/></method><method name="getTripDeals" desc="(LtourGuide/user/User;)Ljava/util/List;" line="80"><counter type="INSTRUCTION" missed="0" covered="29"/><counter type="LINE" missed="0" covered="5"/><counter type="COMPLEXITY" missed="0" covered="1"/><counter type="METHOD" missed="0" covered="1"/></method><method name="trackUserLocation" desc="(LtourGuide/user/User;)LgpsUtil/location/VisitedLocation;" line="88"><counter type="INSTRUCTION" missed="15" covered="0"/><counter type="LINE" missed="4" covered="0"/><counter type="COMPLEXITY" missed="1" covered="0"/><counter type="METHOD" missed="1" covered="0"/></method><method name="trackUsersLocation" desc="(Ljava/util/List;)Ljava/util/HashMap;" line="99"><counter type="INSTRUCTION" missed="52" covered="0"/><counter type="BRANCH" missed="4" covered="0"/><counter type="LINE" missed="14" covered="0"/><counter type="COMPLEXITY" missed="3" covered="0"/><counter type="METHOD" missed="1" covered="0"/></method><method name="calculateRewardsForAllUsers" desc="(Ljava/util/List;)V" line="119"><counter type="INSTRUCTION" missed="20" covered="0"/><counter type="LINE" missed="8" covered="0"/><counter type="COMPLEXITY" missed="1" covered="0"/><counter type="METHOD" missed="1" covered="0"/></method><method name="getNearByAttractions" desc="(LgpsUtil/location/VisitedLocation;)Ljava/util/List;" line="133"><counter type="INSTRUCTION" missed="30" covered="0"/><counter type="BRANCH" missed="4" covered="0"/><counter type="LINE" missed="6" covered="0"/><counter type="COMPLEXITY" missed="3" covered="0"/><counter type="METHOD" missed="1" covered="0"/></method><method name="getFiveNearestAttractions" desc="(LgpsUtil/location/VisitedLocation;)Ljava/util/List;" line="144"><counter type="INSTRUCTION" missed="73" covered="0"/><counter type="BRANCH" missed="6" covered="0"/><counter type="LINE" missed="16" covered="0"/><counter type="COMPLEXITY" missed="4" covered="0"/><counter type="METHOD" missed="1" covered="0"/></method><method name="updateUserPreferences" desc="(LtourGuide/user/UserPreferences;Ljava/lang/String;)V" line="167"><counter type="INSTRUCTION" missed="8" covered="0"/><counter type="LINE" missed="3" covered="0"/><counter type="COMPLEXITY" missed="1" covered="0"/><counter type="METHOD" missed="1" covered="0"/></method><method name="addShutDownHook" desc="()V" line="174"><counter type="INSTRUCTION" missed="0" covered="7"/><counter type="LINE" missed="0" covered="2"/><counter type="COMPLEXITY" missed="0" covered="1"/><counter type="METHOD" missed="0" covered="1"/></method><method name="initializeInternalUsers" desc="()V" line="190"><counter type="INSTRUCTION" missed="0" covered="20"/><counter type="LINE" missed="0" covered="3"/><counter type="COMPLEXITY" missed="0" covered="1"/><counter type="METHOD" missed="0" covered="1"/></method><method name="generateUserLocationHistory" desc="(LtourGuide/user/User;)V" line="204"><counter type="INSTRUCTION" missed="8" covered="0"/><counter type="LINE" missed="2" covered="0"/><counter type="COMPLEXITY" missed="1" covered="0"/><counter type="METHOD" missed="1" covered="0"/></method><method name="generateRandomLongitude" desc="()D" line="210"><counter type="INSTRUCTION" missed="15" covered="0"/><counter type="LINE" missed="3" covered="0"/><counter type="COMPLEXITY" missed="1" covered="0"/><counter type="METHOD" missed="1" covered="0"/></method><method name="generateRandomLatitude" desc="()D" line="216"><counter type="INSTRUCTION" missed="15" covered="0"/><counter type="LINE" missed="3" covered="0"/><counter type="COMPLEXITY" missed="1" covered="0"/><counter type="METHOD" missed="1" covered="0"/></method><method name="getRandomTime" desc="()Ljava/util/Date;" line="222"><counter type="INSTRUCTION" missed="14" covered="0"/><counter type="LINE" missed="2" covered="0"/><counter type="COMPLEXITY" missed="1" covered="0"/><counter type="METHOD" missed="1" covered="0"/></method><method name="getUsersLatestLocation" desc="()Ljava/util/HashMap;" line="227"><counter type="INSTRUCTION" missed="39" covered="0"/><counter type="BRANCH" missed="2" covered="0"/><counter type="LINE" missed="8" covered="0"/><counter type="COMPLEXITY" missed="2" covered="0"/><counter type="METHOD" missed="1" covered="0"/></method><method name="getUserLocations" desc="(LtourGuide/user/User;)Ljava/util/List;" line="241"><counter type="INSTRUCTION" missed="3" covered="0"/><counter type="LINE" missed="1" covered="0"/><counter type="COMPLEXITY" missed="1" covered="0"/><counter type="METHOD" missed="1" covered="0"/></method><method name="lambda$getUsersLatestLocation$8" desc="(LgpsUtil/location/VisitedLocation;LgpsUtil/location/VisitedLocation;)I" line="232"><counter type="INSTRUCTION" missed="6" covered="0"/><counter type="LINE" missed="1" covered="0"/><counter type="COMPLEXITY" missed="1" covered="0"/><counter type="METHOD" missed="1" covered="0"/></method><method name="lambda$generateUserLocationHistory$7" desc="(LtourGuide/user/User;I)V" line="205"><counter type="INSTRUCTION" missed="17" covered="0"/><counter type="LINE" missed="2" covered="0"/><counter type="COMPLEXITY" missed="1" covered="0"/><counter type="METHOD" missed="1" covered="0"/></method><method name="lambda$initializeInternalUsers$6" desc="(I)V" line="191"><counter type="INSTRUCTION" missed="38" covered="0"/><counter type="LINE" missed="7" covered="0"/><counter type="COMPLEXITY" missed="1" covered="0"/><counter type="METHOD" missed="1" covered="0"/></method><method name="lambda$getFiveNearestAttractions$5" desc="(Ljava/lang/Double;Ljava/lang/Double;)Ljava/lang/Double;" line="151"><counter type="INSTRUCTION" missed="2" covered="0"/><counter type="LINE" missed="1" covered="0"/><counter type="COMPLEXITY" missed="1" covered="0"/><counter type="METHOD" missed="1" covered="0"/></method><method name="lambda$getFiveNearestAttractions$4" desc="(Ljava/util/Map$Entry;Ljava/util/Map$Entry;)I" line="150"><counter type="INSTRUCTION" missed="8" covered="0"/><counter type="LINE" missed="1" covered="0"/><counter type="COMPLEXITY" missed="1" covered="0"/><counter type="METHOD" missed="1" covered="0"/></method><method name="lambda$calculateRewardsForAllUsers$3" desc="(Ljava/util/concurrent/ExecutorService;LtourGuide/user/User;)V" line="121"><counter type="INSTRUCTION" missed="10" covered="0"/><counter type="LINE" missed="1" covered="0"/><counter type="COMPLEXITY" missed="1" covered="0"/><counter type="METHOD" missed="1" covered="0"/></method><method name="lambda$null$2" desc="(LtourGuide/user/User;)V" line="121"><counter type="INSTRUCTION" missed="5" covered="0"/><counter type="LINE" missed="1" covered="0"/><counter type="COMPLEXITY" missed="1" covered="0"/><counter type="METHOD" missed="1" covered="0"/></method><method name="lambda$trackUsersLocation$1" desc="(LtourGuide/user/User;)LgpsUtil/location/VisitedLocation;" line="102"><counter type="INSTRUCTION" missed="4" covered="0"/><counter type="LINE" missed="1" covered="0"/><counter type="COMPLEXITY" missed="1" covered="0"/><counter type="METHOD" missed="1" covered="0"/></method><method name="lambda$getTripDeals$0" desc="(LtourGuide/user/UserReward;)I" line="80"><counter type="INSTRUCTION" missed="3" covered="0"/><counter type="LINE" missed="1" covered="0"/><counter type="COMPLEXITY" missed="1" covered="0"/><counter type="METHOD" missed="1" covered="0"/></method><counter type="INSTRUCTION" missed="421" covered="119"/><counter type="BRANCH" missed="21" covered="1"/><counter type="LINE" missed="89" covered="27"/><counter type="COMPLEXITY" missed="36" covered="5"/><counter type="METHOD" missed="25" covered="5"/><counter type="CLASS" missed="0" covered="1"/></class><sourcefile name="RewardsService.java"><line nr="22" mi="0" ci="3" mb="0" cb="0"/><line nr="23" mi="0" ci="4" mb="0" cb="0"/><line nr="24" mi="0" ci="3" mb="0" cb="0"/><line nr="28" mi="0" ci="2" mb="0" cb="0"/><line nr="29" mi="0" ci="3" mb="0" cb="0"/><line nr="30" mi="0" ci="3" mb="0" cb="0"/><line nr="31" mi="0" ci="1" mb="0" cb="0"/><line nr="34" mi="0" ci="3" mb="0" cb="0"/><line nr="35" mi="0" ci="1" mb="0" cb="0"/><line nr="38" mi="4" ci="0" mb="0" cb="0"/><line nr="39" mi="1" ci="0" mb="0" cb="0"/><line nr="42" mi="0" ci="3" mb="0" cb="0"/><line nr="43" mi="0" ci="4" mb="0" cb="0"/><line nr="45" mi="0" ci="3" mb="0" cb="0"/><line nr="47" mi="0" ci="8" mb="0" cb="2"/><line nr="49" mi="0" ci="8" mb="0" cb="2"/><line nr="51" mi="0" ci="5" mb="0" cb="0"/><line nr="52" mi="0" ci="17" mb="0" cb="2"/><line nr="53" mi="0" ci="11" mb="0" cb="2"/><line nr="54" mi="0" ci="20" mb="0" cb="0"/><line nr="59" mi="0" ci="1" mb="0" cb="0"/><line nr="62" mi="13" ci="0" mb="2" cb="0"/><line nr="66" mi="0" ci="14" mb="0" cb="2"/><line nr="70" mi="0" ci="8" mb="0" cb="0"/><line nr="74" mi="0" ci="4" mb="0" cb="0"/><line nr="75" mi="0" ci="4" mb="0" cb="0"/><line nr="76" mi="0" ci="4" mb="0" cb="0"/><line nr="77" mi="0" ci="4" mb="0" cb="0"/><line nr="79" mi="0" ci="8" mb="0" cb="0"/><line nr="80" mi="0" ci="10" mb="0" cb="0"/><line nr="82" mi="0" ci="5" mb="0" cb="0"/><line nr="83" mi="0" ci="4" mb="0" cb="0"/><line nr="84" mi="0" ci="2" mb="0" cb="0"/><counter type="INSTRUCTION" missed="18" covered="170"/><counter type="BRANCH" missed="2" covered="10"/><counter type="LINE" missed="3" covered="30"/><counter type="COMPLEXITY" missed="3" covered="12"/><counter type="METHOD" missed="2" covered="7"/><counter type="CLASS" missed="0" covered="1"/></sourcefile><sourcefile name="TourGuideService.java"><line nr="28" mi="0" ci="4" mb="0" cb="0"/><line nr="31" mi="0" ci="5" mb="0" cb="0"/><line nr="33" mi="0" ci="3" mb="0" cb="0"/><line nr="34" mi="0" ci="4" mb="0" cb="0"/><line nr="39" mi="0" ci="2" mb="0" cb="0"/><line nr="40" mi="0" ci="3" mb="0" cb="0"/><line nr="41" mi="0" ci="3" mb="0" cb="0"/><line nr="43" mi="0" ci="3" mb="1" cb="1"/><line nr="44" mi="0" ci="4" mb="0" cb="0"/><line nr="45" mi="0" ci="4" mb="0" cb="0"/><line nr="46" mi="0" ci="2" mb="0" cb="0"/><line nr="47" mi="0" ci="4" mb="0" cb="0"/><line nr="49" mi="0" ci="6" mb="0" cb="0"/><line nr="50" mi="0" ci="2" mb="0" cb="0"/><line nr="51" mi="0" ci="1" mb="0" cb="0"/><line nr="55" mi="3" ci="0" mb="0" cb="0"/><line nr="59" mi="5" ci="0" mb="2" cb="0"/><line nr="60" mi="4" ci="0" mb="0" cb="0"/><line nr="61" mi="2" ci="0" mb="0" cb="0"/><line nr="62" mi="2" ci="0" mb="0" cb="0"/><line nr="66" mi="6" ci="0" mb="0" cb="0"/><line nr="70" mi="0" ci="8" mb="0" cb="0"/><line nr="74" mi="6" ci="0" mb="2" cb="0"/><line nr="75" mi="7" ci="0" mb="0" cb="0"/><line nr="77" mi="1" ci="0" mb="0" cb="0"/><line nr="80" mi="3" ci="7" mb="0" cb="0"/><line nr="81" mi="0" ci="11" mb="0" cb="0"/><line nr="82" mi="0" ci="6" mb="0" cb="0"/><line nr="83" mi="0" ci="3" mb="0" cb="0"/><line nr="84" mi="0" ci="2" mb="0" cb="0"/><line nr="88" mi="6" ci="0" mb="0" cb="0"/><line nr="89" mi="3" ci="0" mb="0" cb="0"/><line nr="90" mi="4" ci="0" mb="0" cb="0"/><line nr="91" mi="2" ci="0" mb="0" cb="0"/><line nr="99" mi="4" ci="0" mb="0" cb="0"/><line nr="100" mi="4" ci="0" mb="0" cb="0"/><line nr="101" mi="10" ci="0" mb="2" cb="0"/><line nr="102" mi="13" ci="0" mb="0" cb="0"/><line nr="103" mi="1" ci="0" mb="0" cb="0"/><line nr="105" mi="10" ci="0" mb="2" cb="0"/><line nr="107" mi="3" ci="0" mb="0" cb="0"/><line nr="108" mi="1" ci="0" mb="0" cb="0"/><line nr="109" mi="2" ci="0" mb="0" cb="0"/><line nr="110" mi="1" ci="0" mb="0" cb="0"/><line nr="111" mi="2" ci="0" mb="0" cb="0"/><line nr="112" mi="2" ci="0" mb="0" cb="0"/><line nr="113" mi="1" ci="0" mb="0" cb="0"/><line nr="114" mi="2" ci="0" mb="0" cb="0"/><line nr="119" mi="3" ci="0" mb="0" cb="0"/><line nr="120" mi="5" ci="0" mb="0" cb="0"/><line nr="121" mi="15" ci="0" mb="0" cb="0"/><line nr="123" mi="2" ci="0" mb="0" cb="0"/><line nr="126" mi="5" ci="0" mb="0" cb="0"/><line nr="127" mi="1" ci="0" mb="0" cb="0"/><line nr="128" mi="2" ci="0" mb="0" cb="0"/><line nr="129" mi="1" ci="0" mb="0" cb="0"/><line nr="130" mi="1" ci="0" mb="0" cb="0"/><line nr="133" mi="4" ci="0" mb="0" cb="0"/><line nr="134" mi="12" ci="0" mb="2" cb="0"/><line nr="135" mi="7" ci="0" mb="2" cb="0"/><line nr="136" mi="4" ci="0" mb="0" cb="0"/><line nr="138" mi="1" ci="0" mb="0" cb="0"/><line nr="140" mi="2" ci="0" mb="0" cb="0"/><line nr="144" mi="4" ci="0" mb="0" cb="0"/><line nr="145" mi="4" ci="0" mb="0" cb="0"/><line nr="146" mi="10" ci="0" mb="2" cb="0"/><line nr="147" mi="11" ci="0" mb="0" cb="0"/><line nr="148" mi="1" ci="0" mb="0" cb="0"/><line nr="150" mi="17" ci="0" mb="0" cb="0"/><line nr="151" mi="6" ci="0" mb="0" cb="0"/><line nr="153" mi="4" ci="0" mb="0" cb="0"/><line nr="154" mi="2" ci="0" mb="0" cb="0"/><line nr="155" mi="11" ci="0" mb="2" cb="0"/><line nr="156" mi="5" ci="0" mb="0" cb="0"/><line nr="157" mi="1" ci="0" mb="0" cb="0"/><line nr="158" mi="3" ci="0" mb="2" cb="0"/><line nr="159" mi="1" ci="0" mb="0" cb="0"/><line nr="161" mi="1" ci="0" mb="0" cb="0"/><line nr="163" mi="2" ci="0" mb="0" cb="0"/><line nr="167" mi="4" ci="0" mb="0" cb="0"/><line nr="168" mi="3" ci="0" mb="0" cb="0"/><line nr="169" mi="1" ci="0" mb="0" cb="0"/><line nr="174" mi="0" ci="12" mb="0" cb="0"/><line nr="176" mi="0" ci="4" mb="0" cb="0"/><line nr="177" mi="0" ci="1" mb="0" cb="0"/><line nr="179" mi="0" ci="1" mb="0" cb="0"/><line nr="188" mi="0" ci="5" mb="0" cb="0"/><line nr="190" mi="0" ci="6" mb="0" cb="0"/><line nr="191" mi="9" ci="0" mb="0" cb="0"/><line nr="192" mi="2" ci="0" mb="0" cb="0"/><line nr="193" mi="9" ci="0" mb="0" cb="0"/><line nr="194" mi="8" ci="0" mb="0" cb="0"/><line nr="196" mi="3" ci="0" mb="0" cb="0"/><line nr="198" mi="6" ci="0" mb="0" cb="0"/><line nr="199" mi="1" ci="0" mb="0" cb="0"/><line nr="200" mi="0" ci="13" mb="0" cb="0"/><line nr="201" mi="0" ci="1" mb="0" cb="0"/><line nr="204" mi="7" ci="0" mb="0" cb="0"/><line nr="205" mi="16" ci="0" mb="0" cb="0"/><line nr="206" mi="1" ci="0" mb="0" cb="0"/><line nr="207" mi="1" ci="0" mb="0" cb="0"/><line nr="210" mi="2" ci="0" mb="0" cb="0"/><line nr="211" mi="2" ci="0" mb="0" cb="0"/><line nr="212" mi="11" ci="0" mb="0" cb="0"/><line nr="216" mi="2" ci="0" mb="0" cb="0"/><line nr="217" mi="2" ci="0" mb="0" cb="0"/><line nr="218" mi="11" ci="0" mb="0" cb="0"/><line nr="222" mi="9" ci="0" mb="0" cb="0"/><line nr="223" mi="5" ci="0" mb="0" cb="0"/><line nr="227" mi="4" ci="0" mb="0" cb="0"/><line nr="228" mi="3" ci="0" mb="0" cb="0"/><line nr="230" mi="10" ci="0" mb="2" cb="0"/><line nr="231" mi="3" ci="0" mb="0" cb="0"/><line nr="232" mi="9" ci="0" mb="0" cb="0"/><line nr="233" mi="13" ci="0" mb="0" cb="0"/><line nr="234" mi="1" ci="0" mb="0" cb="0"/><line nr="235" mi="2" ci="0" mb="0" cb="0"/><line nr="241" mi="3" ci="0" mb="0" cb="0"/><counter type="INSTRUCTION" missed="421" covered="130"/><counter type="BRANCH" missed="21" covered="1"/><counter type="LINE" missed="89" covered="29"/><counter type="COMPLEXITY" missed="36" covered="7"/><counter type="METHOD" missed="25" covered="7"/><counter type="CLASS" missed="0" covered="2"/></sourcefile><counter type="INSTRUCTION" missed="439" covered="300"/><counter type="BRANCH" missed="23" covered="11"/><counter type="LINE" missed="92" covered="59"/><counter type="COMPLEXITY" missed="39" covered="19"/><counter type="METHOD" missed="27" covered="14"/><counter type="CLASS" missed="0" covered="3"/></package><package name="tourGuide/user"><class name="tourGuide/user/User" sourcefilename="User.java"><method name="&lt;init&gt;" desc="(Ljava/util/UUID;Ljava/lang/String;Ljava/lang/String;Ljava/lang/String;)V" line="17"><counter type="INSTRUCTION" missed="0" covered="35"/><counter type="LINE" missed="0" covered="10"/><counter type="COMPLEXITY" missed="0" covered="1"/><counter type="METHOD" missed="0" covered="1"/></method><method name="getUserId" desc="()Ljava/util/UUID;" line="29"><counter type="INSTRUCTION" missed="0" covered="3"/><counter type="LINE" missed="0" covered="1"/><counter type="COMPLEXITY" missed="0" covered="1"/><counter type="METHOD" missed="0" covered="1"/></method><method name="getUserName" desc="()Ljava/lang/String;" line="33"><counter type="INSTRUCTION" missed="3" covered="0"/><counter type="LINE" missed="1" covered="0"/><counter type="COMPLEXITY" missed="1" covered="0"/><counter type="METHOD" missed="1" covered="0"/></method><method name="setPhoneNumber" desc="(Ljava/lang/String;)V" line="37"><counter type="INSTRUCTION" missed="4" covered="0"/><counter type="LINE" missed="2" covered="0"/><counter type="COMPLEXITY" missed="1" covered="0"/><counter type="METHOD" missed="1" covered="0"/></method><method name="getPhoneNumber" desc="()Ljava/lang/String;" line="41"><counter type="INSTRUCTION" missed="3" covered="0"/><counter type="LINE" missed="1" covered="0"/><counter type="COMPLEXITY" missed="1" covered="0"/><counter type="METHOD" missed="1" covered="0"/></method><method name="setEmailAddress" desc="(Ljava/lang/String;)V" line="45"><counter type="INSTRUCTION" missed="4" covered="0"/><counter type="LINE" missed="2" covered="0"/><counter type="COMPLEXITY" missed="1" covered="0"/><counter type="METHOD" missed="1" covered="0"/></method><method name="getEmailAddress" desc="()Ljava/lang/String;" line="49"><counter type="INSTRUCTION" missed="3" covered="0"/><counter type="LINE" missed="1" covered="0"/><counter type="COMPLEXITY" missed="1" covered="0"/><counter type="METHOD" missed="1" covered="0"/></method><method name="setLatestLocationTimestamp" desc="(Ljava/util/Date;)V" line="53"><counter type="INSTRUCTION" missed="4" covered="0"/><counter type="LINE" missed="2" covered="0"/><counter type="COMPLEXITY" missed="1" covered="0"/><counter type="METHOD" missed="1" covered="0"/></method><method name="getLatestLocationTimestamp" desc="()Ljava/util/Date;" line="57"><counter type="INSTRUCTION" missed="3" covered="0"/><counter type="LINE" missed="1" covered="0"/><counter type="COMPLEXITY" missed="1" covered="0"/><counter type="METHOD" missed="1" covered="0"/></method><method name="addToVisitedLocations" desc="(LgpsUtil/location/VisitedLocation;)V" line="61"><counter type="INSTRUCTION" missed="0" covered="6"/><counter type="LINE" missed="0" covered="2"/><counter type="COMPLEXITY" missed="0" covered="1"/><counter type="METHOD" missed="0" covered="1"/></method><method name="getVisitedLocations" desc="()Ljava/util/List;" line="65"><counter type="INSTRUCTION" missed="0" covered="3"/><counter type="LINE" missed="0" covered="1"/><counter type="COMPLEXITY" missed="0" covered="1"/><counter type="METHOD" missed="0" covered="1"/></method><method name="clearVisitedLocations" desc="()V" line="69"><counter type="INSTRUCTION" missed="4" covered="0"/><counter type="LINE" missed="2" covered="0"/><counter type="COMPLEXITY" missed="1" covered="0"/><counter type="METHOD" missed="1" covered="0"/></method><method name="addUserReward" desc="(LtourGuide/user/UserReward;)V" line="74"><counter type="INSTRUCTION" missed="0" covered="46"/><counter type="BRANCH" missed="0" covered="6"/><counter type="LINE" missed="0" covered="10"/><counter type="COMPLEXITY" missed="0" covered="4"/><counter type="METHOD" missed="0" covered="1"/></method><method name="getUserRewards" desc="()Ljava/util/List;" line="90"><counter type="INSTRUCTION" missed="0" covered="3"/><counter type="LINE" missed="0" covered="1"/><counter type="COMPLEXITY" missed="0" covered="1"/><counter type="METHOD" missed="0" covered="1"/></method><method name="getUserPreferences" desc="()LtourGuide/user/UserPreferences;" line="94"><counter type="INSTRUCTION" missed="0" covered="3"/><counter type="LINE" missed="0" covered="1"/><counter type="COMPLEXITY" missed="0" covered="1"/><counter type="METHOD" missed="0" covered="1"/></method><method name="setUserPreferences" desc="(LtourGuide/user/UserPreferences;)V" line="98"><counter type="INSTRUCTION" missed="4" covered="0"/><counter type="LINE" missed="2" covered="0"/><counter type="COMPLEXITY" missed="1" covered="0"/><counter type="METHOD" missed="1" covered="0"/></method><method name="getLastVisitedLocation" desc="()LgpsUtil/location/VisitedLocation;" line="102"><counter type="INSTRUCTION" missed="10" covered="0"/><counter type="LINE" missed="1" covered="0"/><counter type="COMPLEXITY" missed="1" covered="0"/><counter type="METHOD" missed="1" covered="0"/></method><method name="setTripDeals" desc="(Ljava/util/List;)V" line="106"><counter type="INSTRUCTION" missed="0" covered="4"/><counter type="LINE" missed="0" covered="2"/><counter type="COMPLEXITY" missed="0" covered="1"/><counter type="METHOD" missed="0" covered="1"/></method><method name="getTripDeals" desc="()Ljava/util/List;" line="110"><counter type="INSTRUCTION" missed="3" covered="0"/><counter type="LINE" missed="1" covered="0"/><counter type="COMPLEXITY" missed="1" covered="0"/><counter type="METHOD" missed="1" covered="0"/></method><counter type="INSTRUCTION" missed="45" covered="103"/><counter type="BRANCH" missed="0" covered="6"/><counter type="LINE" missed="16" covered="28"/><counter type="COMPLEXITY" missed="11" covered="11"/><counter type="METHOD" missed="11" covered="8"/><counter type="CLASS" missed="0" covered="1"/></class><class name="tourGuide/user/UserPreferences" sourcefilename="UserPreferences.java"><method name="&lt;init&gt;" desc="()V" line="11"><counter type="INSTRUCTION" missed="0" covered="38"/><counter type="LINE" missed="0" covered="10"/><counter type="COMPLEXITY" missed="0" covered="1"/><counter type="METHOD" missed="0" covered="1"/></method><method name="setAttractionProximity" desc="(I)V" line="24"><counter type="INSTRUCTION" missed="4" covered="0"/><counter type="LINE" missed="2" covered="0"/><counter type="COMPLEXITY" missed="1" covered="0"/><counter type="METHOD" missed="1" covered="0"/></method><method name="getAttractionProximity" desc="()I" line="28"><counter type="INSTRUCTION" missed="3" covered="0"/><counter type="LINE" missed="1" covered="0"/><counter type="COMPLEXITY" missed="1" covered="0"/><counter type="METHOD" missed="1" covered="0"/></method><method name="getLowerPricePoint" desc="()Lorg/javamoney/moneta/Money;" line="32"><counter type="INSTRUCTION" missed="3" covered="0"/><counter type="LINE" missed="1" covered="0"/><counter type="COMPLEXITY" missed="1" covered="0"/><counter type="METHOD" missed="1" covered="0"/></method><method name="setLowerPricePoint" desc="(Lorg/javamoney/moneta/Money;)V" line="36"><counter type="INSTRUCTION" missed="4" covered="0"/><counter type="LINE" missed="2" covered="0"/><counter type="COMPLEXITY" missed="1" covered="0"/><counter type="METHOD" missed="1" covered="0"/></method><method name="getHighPricePoint" desc="()Lorg/javamoney/moneta/Money;" line="40"><counter type="INSTRUCTION" missed="3" covered="0"/><counter type="LINE" missed="1" covered="0"/><counter type="COMPLEXITY" missed="1" covered="0"/><counter type="METHOD" missed="1" covered="0"/></method><method name="setHighPricePoint" desc="(Lorg/javamoney/moneta/Money;)V" line="44"><counter type="INSTRUCTION" missed="4" covered="0"/><counter type="LINE" missed="2" covered="0"/><counter type="COMPLEXITY" missed="1" covered="0"/><counter type="METHOD" missed="1" covered="0"/></method><method name="getTripDuration" desc="()I" line="48"><counter type="INSTRUCTION" missed="0" covered="3"/><counter type="LINE" missed="0" covered="1"/><counter type="COMPLEXITY" missed="0" covered="1"/><counter type="METHOD" missed="0" covered="1"/></method><method name="setTripDuration" desc="(I)V" line="52"><counter type="INSTRUCTION" missed="4" covered="0"/><counter type="LINE" missed="2" covered="0"/><counter type="COMPLEXITY" missed="1" covered="0"/><counter type="METHOD" missed="1" covered="0"/></method><method name="getTicketQuantity" desc="()I" line="56"><counter type="INSTRUCTION" missed="3" covered="0"/><counter type="LINE" missed="1" covered="0"/><counter type="COMPLEXITY" missed="1" covered="0"/><counter type="METHOD" missed="1" covered="0"/></method><method name="setTicketQuantity" desc="(I)V" line="60"><counter type="INSTRUCTION" missed="4" covered="0"/><counter type="LINE" missed="2" covered="0"/><counter type="COMPLEXITY" missed="1" covered="0"/><counter type="METHOD" missed="1" covered="0"/></method><method name="getNumberOfAdults" desc="()I" line="64"><counter type="INSTRUCTION" missed="0" covered="3"/><counter type="LINE" missed="0" covered="1"/><counter type="COMPLEXITY" missed="0" covered="1"/><counter type="METHOD" missed="0" covered="1"/></method><method name="setNumberOfAdults" desc="(I)V" line="68"><counter type="INSTRUCTION" missed="0" covered="4"/><counter type="LINE" missed="0" covered="2"/><counter type="COMPLEXITY" missed="0" covered="1"/><counter type="METHOD" missed="0" covered="1"/></method><method name="getNumberOfChildren" desc="()I" line="72"><counter type="INSTRUCTION" missed="0" covered="3"/><counter type="LINE" missed="0" covered="1"/><counter type="COMPLEXITY" missed="0" covered="1"/><counter type="METHOD" missed="0" covered="1"/></method><method name="setNumberOfChildren" desc="(I)V" line="76"><counter type="INSTRUCTION" missed="4" covered="0"/><counter type="LINE" missed="2" covered="0"/><counter type="COMPLEXITY" missed="1" covered="0"/><counter type="METHOD" missed="1" covered="0"/></method><counter type="INSTRUCTION" missed="36" covered="51"/><counter type="LINE" missed="16" covered="15"/><counter type="COMPLEXITY" missed="10" covered="5"/><counter type="METHOD" missed="10" covered="5"/><counter type="CLASS" missed="0" covered="1"/></class><class name="tourGuide/user/UserReward" sourcefilename="UserReward.java"><method name="&lt;init&gt;" desc="(LgpsUtil/location/VisitedLocation;LgpsUtil/location/Attraction;I)V" line="11"><counter type="INSTRUCTION" missed="0" covered="12"/><counter type="LINE" missed="0" covered="5"/><counter type="COMPLEXITY" missed="0" covered="1"/><counter type="METHOD" missed="0" covered="1"/></method><method name="&lt;init&gt;" desc="(LgpsUtil/location/VisitedLocation;LgpsUtil/location/Attraction;)V" line="17"><counter type="INSTRUCTION" missed="9" covered="0"/><counter type="LINE" missed="4" covered="0"/><counter type="COMPLEXITY" missed="1" covered="0"/><counter type="METHOD" missed="1" covered="0"/></method><method name="setRewardPoints" desc="(I)V" line="23"><counter type="INSTRUCTION" missed="0" covered="4"/><counter type="LINE" missed="0" covered="2"/><counter type="COMPLEXITY" missed="0" covered="1"/><counter type="METHOD" missed="0" covered="1"/></method><method name="getRewardPoints" desc="()I" line="27"><counter type="INSTRUCTION" missed="0" covered="3"/><counter type="LINE" missed="0" covered="1"/><counter type="COMPLEXITY" missed="0" covered="1"/><counter type="METHOD" missed="0" covered="1"/></method><counter type="INSTRUCTION" missed="9" covered="19"/><counter type="LINE" missed="4" covered="8"/><counter type="COMPLEXITY" missed="1" covered="3"/><counter type="METHOD" missed="1" covered="3"/><counter type="CLASS" missed="0" covered="1"/></class><sourcefile name="UserPreferences.java"><line nr="11" mi="0" ci="3" mb="0" cb="0"/><line nr="12" mi="0" ci="6" mb="0" cb="0"/><line nr="13" mi="0" ci="7" mb="0" cb="0"/><line nr="14" mi="0" ci="7" mb="0" cb="0"/><line nr="15" mi="0" ci="3" mb="0" cb="0"/><line nr="16" mi="0" ci="3" mb="0" cb="0"/><line nr="17" mi="0" ci="3" mb="0" cb="0"/><line nr="18" mi="0" ci="3" mb="0" cb="0"/><line nr="20" mi="0" ci="2" mb="0" cb="0"/><line nr="21" mi="0" ci="1" mb="0" cb="0"/><line nr="24" mi="3" ci="0" mb="0" cb="0"/><line nr="25" mi="1" ci="0" mb="0" cb="0"/><line nr="28" mi="3" ci="0" mb="0" cb="0"/><line nr="32" mi="3" ci="0" mb="0" cb="0"/><line nr="36" mi="3" ci="0" mb="0" cb="0"/><line nr="37" mi="1" ci="0" mb="0" cb="0"/><line nr="40" mi="3" ci="0" mb="0" cb="0"/><line nr="44" mi="3" ci="0" mb="0" cb="0"/><line nr="45" mi="1" ci="0" mb="0" cb="0"/><line nr="48" mi="0" ci="3" mb="0" cb="0"/><line nr="52" mi="3" ci="0" mb="0" cb="0"/><line nr="53" mi="1" ci="0" mb="0" cb="0"/><line nr="56" mi="3" ci="0" mb="0" cb="0"/><line nr="60" mi="3" ci="0" mb="0" cb="0"/><line nr="61" mi="1" ci="0" mb="0" cb="0"/><line nr="64" mi="0" ci="3" mb="0" cb="0"/><line nr="68" mi="0" ci="3" mb="0" cb="0"/><line nr="69" mi="0" ci="1" mb="0" cb="0"/><line nr="72" mi="0" ci="3" mb="0" cb="0"/><line nr="76" mi="3" ci="0" mb="0" cb="0"/><line nr="77" mi="1" ci="0" mb="0" cb="0"/><counter type="INSTRUCTION" missed="36" covered="51"/><counter type="LINE" missed="16" covered="15"/><counter type="COMPLEXITY" missed="10" covered="5"/><counter type="METHOD" missed="10" covered="5"/><counter type="CLASS" missed="0" covered="1"/></sourcefile><sourcefile name="UserReward.java"><line nr="11" mi="0" ci="2" mb="0" cb="0"/><line nr="12" mi="0" ci="3" mb="0" cb="0"/><line nr="13" mi="0" ci="3" mb="0" cb="0"/><line nr="14" mi="0" ci="3" mb="0" cb="0"/><line nr="15" mi="0" ci="1" mb="0" cb="0"/><line nr="17" mi="2" ci="0" mb="0" cb="0"/><line nr="18" mi="3" ci="0" mb="0" cb="0"/><line nr="19" mi="3" ci="0" mb="0" cb="0"/><line nr="20" mi="1" ci="0" mb="0" cb="0"/><line nr="23" mi="0" ci="3" mb="0" cb="0"/><line nr="24" mi="0" ci="1" mb="0" cb="0"/><line nr="27" mi="0" ci="3" mb="0" cb="0"/><counter type="INSTRUCTION" missed="9" covered="19"/><counter type="LINE" missed="4" covered="8"/><counter type="COMPLEXITY" missed="1" covered="3"/><counter type="METHOD" missed="1" covered="3"/><counter type="CLASS" missed="0" covered="1"/></sourcefile><sourcefile name="User.java"><line nr="17" mi="0" ci="5" mb="0" cb="0"/><line nr="18" mi="0" ci="5" mb="0" cb="0"/><line nr="19" mi="0" ci="5" mb="0" cb="0"/><line nr="20" mi="0" ci="5" mb="0" cb="0"/><line nr="21" mi="0" ci="2" mb="0" cb="0"/><line nr="22" mi="0" ci="3" mb="0" cb="0"/><line nr="23" mi="0" ci="3" mb="0" cb="0"/><line nr="24" mi="0" ci="3" mb="0" cb="0"/><line nr="25" mi="0" ci="3" mb="0" cb="0"/><line nr="26" mi="0" ci="1" mb="0" cb="0"/><line nr="29" mi="0" ci="3" mb="0" cb="0"/><line nr="33" mi="3" ci="0" mb="0" cb="0"/><line nr="37" mi="3" ci="0" mb="0" cb="0"/><line nr="38" mi="1" ci="0" mb="0" cb="0"/><line nr="41" mi="3" ci="0" mb="0" cb="0"/><line nr="45" mi="3" ci="0" mb="0" cb="0"/><line nr="46" mi="1" ci="0" mb="0" cb="0"/><line nr="49" mi="3" ci="0" mb="0" cb="0"/><line nr="53" mi="3" ci="0" mb="0" cb="0"/><line nr="54" mi="1" ci="0" mb="0" cb="0"/><line nr="57" mi="3" ci="0" mb="0" cb="0"/><line nr="61" mi="0" ci="5" mb="0" cb="0"/><line nr="62" mi="0" ci="1" mb="0" cb="0"/><line nr="65" mi="0" ci="3" mb="0" cb="0"/><line nr="69" mi="3" ci="0" mb="0" cb="0"/><line nr="70" mi="1" ci="0" mb="0" cb="0"/><line nr="74" mi="0" ci="2" mb="0" cb="0"/><line nr="75" mi="0" ci="2" mb="0" cb="0"/><line nr="76" mi="0" ci="9" mb="0" cb="2"/><line nr="77" mi="0" ci="12" mb="0" cb="2"/><line nr="78" mi="0" ci="2" mb="0" cb="0"/><line nr="79" mi="0" ci="2" mb="0" cb="0"/><line nr="82" mi="0" ci="2" mb="0" cb="2"/><line nr="83" mi="0" ci="6" mb="0" cb="0"/><line nr="85" mi="0" ci="8" mb="0" cb="0"/><line nr="87" mi="0" ci="1" mb="0" cb="0"/><line nr="90" mi="0" ci="3" mb="0" cb="0"/><line nr="94" mi="0" ci="3" mb="0" cb="0"/><line nr="98" mi="3" ci="0" mb="0" cb="0"/><line nr="99" mi="1" ci="0" mb="0" cb="0"/><line nr="102" mi="10" ci="0" mb="0" cb="0"/><line nr="106" mi="0" ci="3" mb="0" cb="0"/><line nr="107" mi="0" ci="1" mb="0" cb="0"/><line nr="110" mi="3" ci="0" mb="0" cb="0"/><counter type="INSTRUCTION" missed="45" covered="103"/><counter type="BRANCH" missed="0" covered="6"/><counter type="LINE" missed="16" covered="28"/><counter type="COMPLEXITY" missed="11" covered="11"/><counter type="METHOD" missed="11" covered="8"/><counter type="CLASS" missed="0" covered="1"/></sourcefile><counter type="INSTRUCTION" missed="90" covered="173"/><counter type="BRANCH" missed="0" covered="6"/><counter type="LINE" missed="36" covered="51"/><counter type="COMPLEXITY" missed="22" covered="19"/><counter type="METHOD" missed="22" covered="16"/><counter type="CLASS" missed="0" covered="3"/></package><counter type="INSTRUCTION" missed="638" covered="582"/><counter type="BRANCH" missed="25" covered="19"/><counter type="LINE" missed="155" covered="138"/><counter type="COMPLEXITY" missed="80" covered="46"/><counter type="METHOD" missed="66" covered="38"/><counter type="CLASS" missed="3" covered="8"/></report>